DEBUG -- 2022-04-23 12:32:19,559: Attempting to connect to API
DEBUG -- 2022-04-23 12:32:19,559: Attempting to connect to API
DEBUG -- 2022-04-23 12:32:19,574: Attempting to connect to API
DEBUG -- 2022-04-23 12:32:37,592: Attempting to connect to API
DEBUG -- 2022-04-23 12:32:37,595: Attempting to connect to API
DEBUG -- 2022-04-23 12:32:37,598: Attempting to connect to API
DEBUG -- 2022-04-23 12:32:55,657: Attempting to connect to API
DEBUG -- 2022-04-23 12:32:55,666: Attempting to connect to API
DEBUG -- 2022-04-23 12:32:55,669: Attempting to connect to API
INFO -- 2022-04-23 12:36:54,095: Searching for Men products
INFO -- 2022-04-23 12:39:10,577: Searching for Women products
DEBUG -- 2022-04-23 12:41:59,431: Attempting to connect to API
DEBUG -- 2022-04-23 12:41:59,431: Attempting to connect to API
DEBUG -- 2022-04-23 12:41:59,458: Attempting to connect to API
DEBUG -- 2022-04-23 12:42:16,051: Attempting to connect to API
DEBUG -- 2022-04-23 12:42:16,058: Attempting to connect to API
DEBUG -- 2022-04-23 12:42:16,060: Attempting to connect to API
DEBUG -- 2022-04-23 12:42:54,258: Searching for Men products
INFO -- 2022-04-23 12:42:54,287: Found products for Men
INFO -- 2022-04-23 12:43:09,287: Searching for Women products
DEBUG -- 2022-04-23 12:43:31,207: Attempting to connect to API
DEBUG -- 2022-04-23 12:43:31,211: Attempting to connect to API
DEBUG -- 2022-04-23 12:43:31,221: Attempting to connect to API
INFO -- 2022-04-23 12:43:39,918: Searching for Women products
INFO -- 2022-04-23 12:43:39,919: Found products for Men
DEBUG -- 2022-04-23 12:44:11,212: Attempting to connect to API
DEBUG -- 2022-04-23 12:44:11,216: Attempting to connect to API
DEBUG -- 2022-04-23 12:44:11,231: Attempting to connect to API
INFO -- 2022-04-23 12:44:16,999: Searching for Women products
INFO -- 2022-04-23 12:44:17,017: Found products for Men
DEBUG -- 2022-04-23 12:45:29,057: Attempting to connect to API
DEBUG -- 2022-04-23 12:45:29,074: Attempting to connect to API
DEBUG -- 2022-04-23 12:45:29,121: Attempting to connect to API
INFO -- 2022-04-23 12:45:37,813: Searching for Women products
INFO -- 2022-04-23 12:45:37,822: Found products for Men
DEBUG -- 2022-04-23 12:46:00,899: Attempting to connect to API
DEBUG -- 2022-04-23 12:46:00,903: Attempting to connect to API
DEBUG -- 2022-04-23 12:46:00,905: Attempting to connect to API
DEBUG -- 2022-04-23 12:46:25,772: Attempting to connect to API
DEBUG -- 2022-04-23 12:46:25,776: Attempting to connect to API
DEBUG -- 2022-04-23 12:46:25,789: Attempting to connect to API
DEBUG -- 2022-04-23 12:46:43,620: Attempting to connect to API
DEBUG -- 2022-04-23 12:46:43,624: Attempting to connect to API
DEBUG -- 2022-04-23 12:46:43,627: Attempting to connect to API
DEBUG -- 2022-04-23 12:46:56,452: Attempting to connect to API
DEBUG -- 2022-04-23 12:46:56,457: Attempting to connect to API
DEBUG -- 2022-04-23 12:46:56,460: Attempting to connect to API
DEBUG -- 2022-04-23 12:47:11,057: Attempting to connect to API
DEBUG -- 2022-04-23 12:47:11,100: Attempting to connect to API
DEBUG -- 2022-04-23 12:47:11,148: Attempting to connect to API
DEBUG -- 2022-04-23 12:47:22,459: Attempting to connect to API
DEBUG -- 2022-04-23 12:47:22,463: Attempting to connect to API
DEBUG -- 2022-04-23 12:47:22,465: Attempting to connect to API
DEBUG -- 2022-04-23 12:47:28,753: Searching for Women products
INFO -- 2022-04-23 12:47:28,836: Oops not  products for Women
DEBUG -- 2022-04-23 12:47:48,156: Attempting to connect to API
DEBUG -- 2022-04-23 12:47:48,173: Attempting to connect to API
DEBUG -- 2022-04-23 12:47:48,181: Attempting to connect to API
DEBUG -- 2022-04-23 12:49:21,982: Attempting to connect to API
DEBUG -- 2022-04-23 12:49:21,986: Attempting to connect to API
DEBUG -- 2022-04-23 12:49:21,987: Attempting to connect to API
DEBUG -- 2022-04-23 12:49:42,802: Attempting to connect to API
DEBUG -- 2022-04-23 12:49:42,824: Attempting to connect to API
DEBUG -- 2022-04-23 12:49:42,827: Attempting to connect to API
DEBUG -- 2022-04-23 13:31:40,376: Attempting to connect to API
DEBUG -- 2022-04-23 13:31:40,376: Attempting to connect to API
DEBUG -- 2022-04-23 13:31:40,376: Attempting to connect to API
DEBUG -- 2022-04-23 13:33:26,756: Attempting to connect to API
DEBUG -- 2022-04-23 13:33:26,769: Attempting to connect to API
DEBUG -- 2022-04-23 13:33:26,771: Attempting to connect to API
DEBUG -- 2022-04-23 13:34:10,305: Attempting to connect to API
DEBUG -- 2022-04-23 13:34:10,320: Attempting to connect to API
DEBUG -- 2022-04-23 13:34:10,321: Attempting to connect to API
DEBUG -- 2022-04-23 13:34:21,730: Attempting to connect to API
DEBUG -- 2022-04-23 13:34:21,734: Attempting to connect to API
DEBUG -- 2022-04-23 13:34:21,739: Attempting to connect to API
DEBUG -- 2022-04-23 13:34:33,509: Attempting to connect to API
DEBUG -- 2022-04-23 13:34:33,513: Attempting to connect to API
DEBUG -- 2022-04-23 13:34:33,514: Attempting to connect to API
DEBUG -- 2022-04-23 17:55:47,387: Attempting to connect to API
DEBUG -- 2022-04-23 17:55:47,389: Attempting to connect to API
DEBUG -- 2022-04-23 17:55:47,391: Attempting to connect to API
DEBUG -- 2022-04-23 17:56:39,504: Attempting to connect to API
DEBUG -- 2022-04-23 17:56:39,508: Attempting to connect to API
DEBUG -- 2022-04-23 17:56:39,510: Attempting to connect to API
DEBUG -- 2022-04-23 17:56:54,325: Attempting to connect to API
DEBUG -- 2022-04-23 17:56:54,328: Attempting to connect to API
DEBUG -- 2022-04-23 17:56:54,329: Attempting to connect to API
DEBUG -- 2022-04-23 17:57:13,510: Attempting to connect to API
DEBUG -- 2022-04-23 17:57:13,513: Attempting to connect to API
DEBUG -- 2022-04-23 17:57:13,515: Attempting to connect to API
DEBUG -- 2022-04-23 17:57:28,565: Attempting to connect to API
DEBUG -- 2022-04-23 17:57:28,610: Attempting to connect to API
DEBUG -- 2022-04-23 17:57:28,649: Attempting to connect to API
DEBUG -- 2022-04-23 17:57:48,256: Attempting to connect to API
DEBUG -- 2022-04-23 17:57:48,262: Attempting to connect to API
DEBUG -- 2022-04-23 17:57:48,266: Attempting to connect to API
DEBUG -- 2022-04-23 18:05:01,768: Attempting to connect to API
DEBUG -- 2022-04-23 18:05:01,775: Attempting to connect to API
DEBUG -- 2022-04-23 18:05:01,782: Attempting to connect to API
DEBUG -- 2022-04-23 18:05:25,724: Attempting to connect to API
DEBUG -- 2022-04-23 18:05:25,728: Attempting to connect to API
DEBUG -- 2022-04-23 18:05:25,731: Attempting to connect to API
DEBUG -- 2022-04-23 18:06:08,102: Attempting to connect to API
DEBUG -- 2022-04-23 18:06:08,106: Attempting to connect to API
DEBUG -- 2022-04-23 18:06:08,112: Attempting to connect to API
DEBUG -- 2022-04-23 18:06:42,978: Attempting to connect to API
DEBUG -- 2022-04-23 18:06:43,021: Attempting to connect to API
DEBUG -- 2022-04-23 18:06:43,045: Attempting to connect to API
DEBUG -- 2022-04-23 18:06:59,421: Attempting to connect to API
DEBUG -- 2022-04-23 18:06:59,424: Attempting to connect to API
DEBUG -- 2022-04-23 18:06:59,425: Attempting to connect to API
DEBUG -- 2022-04-23 18:37:30,267: Attempting to connect to API
DEBUG -- 2022-04-23 18:37:30,269: Attempting to connect to API
DEBUG -- 2022-04-23 18:37:30,271: Attempting to connect to API
DEBUG -- 2022-04-23 18:48:31,948: Attempting to connect to API
DEBUG -- 2022-04-23 18:48:31,948: Attempting to connect to API
DEBUG -- 2022-04-23 18:48:31,948: Attempting to connect to API
DEBUG -- 2022-04-23 18:49:54,137: Attempting to connect to API
DEBUG -- 2022-04-23 18:49:54,140: Attempting to connect to API
DEBUG -- 2022-04-23 18:49:54,141: Attempting to connect to API
DEBUG -- 2022-04-23 18:50:56,709: Attempting to connect to API
DEBUG -- 2022-04-23 18:50:56,719: Attempting to connect to API
DEBUG -- 2022-04-23 18:50:56,720: Attempting to connect to API
DEBUG -- 2022-04-23 18:52:39,054: Attempting to connect to API
DEBUG -- 2022-04-23 18:52:39,058: Attempting to connect to API
DEBUG -- 2022-04-23 18:52:39,062: Attempting to connect to API
DEBUG -- 2022-04-23 18:53:49,040: Attempting to connect to API
DEBUG -- 2022-04-23 18:53:49,048: Attempting to connect to API
DEBUG -- 2022-04-23 18:53:49,058: Attempting to connect to API
DEBUG -- 2022-04-23 19:16:56,664: Attempting to connect to API
DEBUG -- 2022-04-23 19:16:56,691: Attempting to connect to API
DEBUG -- 2022-04-23 19:16:56,693: Attempting to connect to API
DEBUG -- 2022-04-23 19:17:10,759: Attempting to connect to API
DEBUG -- 2022-04-23 19:17:10,783: Attempting to connect to API
DEBUG -- 2022-04-23 19:17:10,826: Attempting to connect to API
DEBUG -- 2022-04-23 19:17:53,779: Attempting to connect to API
DEBUG -- 2022-04-23 19:17:53,783: Attempting to connect to API
DEBUG -- 2022-04-23 19:17:53,784: Attempting to connect to API
DEBUG -- 2022-04-23 19:18:10,403: Attempting to connect to API
DEBUG -- 2022-04-23 19:18:10,495: Attempting to connect to API
DEBUG -- 2022-04-23 19:18:10,636: Attempting to connect to API
DEBUG -- 2022-04-23 19:18:25,053: Attempting to connect to API
DEBUG -- 2022-04-23 19:18:25,063: Attempting to connect to API
DEBUG -- 2022-04-23 19:18:25,065: Attempting to connect to API
DEBUG -- 2022-04-23 19:20:10,776: Attempting to connect to API
DEBUG -- 2022-04-23 19:20:10,778: Attempting to connect to API
DEBUG -- 2022-04-23 19:20:10,781: Attempting to connect to API
DEBUG -- 2022-04-23 19:22:23,871: Attempting to connect to API
DEBUG -- 2022-04-23 19:22:23,882: Attempting to connect to API
DEBUG -- 2022-04-23 19:22:23,884: Attempting to connect to API
DEBUG -- 2022-04-23 19:25:09,910: Attempting to connect to API
DEBUG -- 2022-04-23 19:25:09,916: Attempting to connect to API
DEBUG -- 2022-04-23 19:25:09,917: Attempting to connect to API
DEBUG -- 2022-04-23 19:32:07,154: Attempting to connect to API
DEBUG -- 2022-04-23 19:32:07,163: Attempting to connect to API
DEBUG -- 2022-04-23 19:32:07,164: Attempting to connect to API
DEBUG -- 2022-04-23 19:33:18,541: Attempting to connect to API
DEBUG -- 2022-04-23 19:33:18,553: Attempting to connect to API
DEBUG -- 2022-04-23 19:33:18,555: Attempting to connect to API
DEBUG -- 2022-04-23 19:33:36,592: Attempting to connect to API
DEBUG -- 2022-04-23 19:33:36,598: Attempting to connect to API
DEBUG -- 2022-04-23 19:33:36,601: Attempting to connect to API
DEBUG -- 2022-04-23 19:34:47,611: Attempting to connect to API
DEBUG -- 2022-04-23 19:34:47,615: Attempting to connect to API
DEBUG -- 2022-04-23 19:34:47,616: Attempting to connect to API
DEBUG -- 2022-04-23 19:35:33,846: Attempting to connect to API
DEBUG -- 2022-04-23 19:35:33,867: Attempting to connect to API
DEBUG -- 2022-04-23 19:35:33,869: Attempting to connect to API
DEBUG -- 2022-04-23 19:37:02,765: Attempting to connect to API
DEBUG -- 2022-04-23 19:37:02,779: Attempting to connect to API
DEBUG -- 2022-04-23 19:37:02,780: Attempting to connect to API
DEBUG -- 2022-04-23 19:37:35,663: Attempting to connect to API
DEBUG -- 2022-04-23 19:37:35,666: Attempting to connect to API
DEBUG -- 2022-04-23 19:37:35,668: Attempting to connect to API
DEBUG -- 2022-04-23 19:38:17,681: Attempting to connect to API
DEBUG -- 2022-04-23 19:38:17,686: Attempting to connect to API
DEBUG -- 2022-04-23 19:38:17,688: Attempting to connect to API
DEBUG -- 2022-04-23 19:38:46,137: Attempting to connect to API
DEBUG -- 2022-04-23 19:38:46,140: Attempting to connect to API
DEBUG -- 2022-04-23 19:38:46,142: Attempting to connect to API
DEBUG -- 2022-04-23 19:39:27,735: Attempting to connect to API
DEBUG -- 2022-04-23 19:39:27,748: Attempting to connect to API
DEBUG -- 2022-04-23 19:39:27,750: Attempting to connect to API
DEBUG -- 2022-04-23 19:39:59,619: Attempting to connect to API
DEBUG -- 2022-04-23 19:39:59,623: Attempting to connect to API
DEBUG -- 2022-04-23 19:39:59,626: Attempting to connect to API
DEBUG -- 2022-04-23 20:50:11,632: Attempting to connect to API
DEBUG -- 2022-04-23 20:50:11,694: Attempting to connect to API
DEBUG -- 2022-04-23 20:50:11,699: Attempting to connect to API
DEBUG -- 2022-04-23 20:50:24,681: Attempting to connect to API
DEBUG -- 2022-04-23 20:50:24,691: Attempting to connect to API
DEBUG -- 2022-04-23 20:50:24,692: Attempting to connect to API
DEBUG -- 2022-04-23 20:50:31,952: Attempting to connect to API
DEBUG -- 2022-04-23 20:50:31,955: Attempting to connect to API
DEBUG -- 2022-04-23 20:50:31,956: Attempting to connect to API
DEBUG -- 2022-04-23 20:51:59,626: Attempting to connect to API
DEBUG -- 2022-04-23 20:51:59,689: Attempting to connect to API
DEBUG -- 2022-04-23 20:51:59,768: Attempting to connect to API
DEBUG -- 2022-04-23 20:52:11,838: Attempting to connect to API
DEBUG -- 2022-04-23 20:52:11,844: Attempting to connect to API
DEBUG -- 2022-04-23 20:52:11,845: Attempting to connect to API
DEBUG -- 2022-04-23 20:52:32,848: Attempting to connect to API
DEBUG -- 2022-04-23 20:52:32,854: Attempting to connect to API
DEBUG -- 2022-04-23 20:52:32,858: Attempting to connect to API
DEBUG -- 2022-04-23 20:53:06,043: Attempting to connect to API
DEBUG -- 2022-04-23 20:53:06,046: Attempting to connect to API
DEBUG -- 2022-04-23 20:53:06,047: Attempting to connect to API
DEBUG -- 2022-04-23 20:54:02,126: Attempting to connect to API
DEBUG -- 2022-04-23 20:54:02,133: Attempting to connect to API
DEBUG -- 2022-04-23 20:54:02,135: Attempting to connect to API
DEBUG -- 2022-04-23 20:54:14,041: Attempting to connect to API
DEBUG -- 2022-04-23 20:54:14,044: Attempting to connect to API
DEBUG -- 2022-04-23 20:54:14,045: Attempting to connect to API
DEBUG -- 2022-04-23 20:56:22,399: Attempting to connect to API
DEBUG -- 2022-04-23 20:56:22,402: Attempting to connect to API
DEBUG -- 2022-04-23 20:56:22,403: Attempting to connect to API
DEBUG -- 2022-04-23 21:01:04,039: Attempting to connect to API
DEBUG -- 2022-04-23 21:01:04,052: Attempting to connect to API
DEBUG -- 2022-04-23 21:01:04,053: Attempting to connect to API
DEBUG -- 2022-04-23 21:02:10,628: Attempting to connect to API
DEBUG -- 2022-04-23 21:02:10,634: Attempting to connect to API
DEBUG -- 2022-04-23 21:02:10,634: Attempting to connect to API
DEBUG -- 2022-04-23 21:02:22,008: Attempting to connect to API
DEBUG -- 2022-04-23 21:02:22,022: Attempting to connect to API
DEBUG -- 2022-04-23 21:02:22,024: Attempting to connect to API
DEBUG -- 2022-04-23 21:03:21,286: Attempting to connect to API
DEBUG -- 2022-04-23 21:03:21,303: Attempting to connect to API
DEBUG -- 2022-04-23 21:03:21,304: Attempting to connect to API
DEBUG -- 2022-04-23 21:03:33,150: Attempting to connect to API
DEBUG -- 2022-04-23 21:03:33,153: Attempting to connect to API
DEBUG -- 2022-04-23 21:03:33,155: Attempting to connect to API
DEBUG -- 2022-04-23 21:05:00,053: Attempting to connect to API
DEBUG -- 2022-04-23 21:05:00,072: Attempting to connect to API
DEBUG -- 2022-04-23 21:05:00,073: Attempting to connect to API
DEBUG -- 2022-04-23 21:05:45,559: Attempting to connect to API
DEBUG -- 2022-04-23 21:05:45,567: Attempting to connect to API
DEBUG -- 2022-04-23 21:05:45,569: Attempting to connect to API
DEBUG -- 2022-04-23 21:07:03,928: Attempting to connect to API
DEBUG -- 2022-04-23 21:07:03,954: Attempting to connect to API
DEBUG -- 2022-04-23 21:07:03,967: Attempting to connect to API
DEBUG -- 2022-04-23 21:07:30,770: Attempting to connect to API
DEBUG -- 2022-04-23 21:07:30,790: Attempting to connect to API
DEBUG -- 2022-04-23 21:07:30,793: Attempting to connect to API
DEBUG -- 2022-04-23 21:08:01,136: Attempting to connect to API
DEBUG -- 2022-04-23 21:08:01,204: Attempting to connect to API
DEBUG -- 2022-04-23 21:08:01,207: Attempting to connect to API
DEBUG -- 2022-04-23 21:08:14,023: Attempting to connect to API
DEBUG -- 2022-04-23 21:08:14,036: Attempting to connect to API
DEBUG -- 2022-04-23 21:08:14,037: Attempting to connect to API
DEBUG -- 2022-04-23 21:11:07,678: Attempting to connect to API
DEBUG -- 2022-04-23 21:11:07,701: Attempting to connect to API
DEBUG -- 2022-04-23 21:11:07,740: Attempting to connect to API
DEBUG -- 2022-04-23 21:11:23,539: Attempting to connect to API
DEBUG -- 2022-04-23 21:11:23,549: Attempting to connect to API
DEBUG -- 2022-04-23 21:11:23,549: Attempting to connect to API
DEBUG -- 2022-04-23 21:11:33,435: Attempting to connect to API
DEBUG -- 2022-04-23 21:11:33,450: Attempting to connect to API
DEBUG -- 2022-04-23 21:11:33,451: Attempting to connect to API
DEBUG -- 2022-04-23 21:11:45,598: Attempting to connect to API
DEBUG -- 2022-04-23 21:11:45,611: Attempting to connect to API
DEBUG -- 2022-04-23 21:11:45,612: Attempting to connect to API
DEBUG -- 2022-04-23 21:12:47,834: Attempting to connect to API
DEBUG -- 2022-04-23 21:12:47,837: Attempting to connect to API
DEBUG -- 2022-04-23 21:12:47,839: Attempting to connect to API
DEBUG -- 2022-04-23 21:13:35,449: Attempting to connect to API
DEBUG -- 2022-04-23 21:13:35,463: Attempting to connect to API
DEBUG -- 2022-04-23 21:13:35,566: Attempting to connect to API
DEBUG -- 2022-04-23 21:13:44,390: Attempting to connect to API
DEBUG -- 2022-04-23 21:13:44,403: Attempting to connect to API
DEBUG -- 2022-04-23 21:13:44,404: Attempting to connect to API
DEBUG -- 2022-04-23 21:13:58,282: Attempting to connect to API
DEBUG -- 2022-04-23 21:13:58,299: Attempting to connect to API
DEBUG -- 2022-04-23 21:13:58,303: Attempting to connect to API
DEBUG -- 2022-04-23 21:14:04,916: Attempting to connect to API
DEBUG -- 2022-04-23 21:14:04,933: Attempting to connect to API
DEBUG -- 2022-04-23 21:14:04,951: Attempting to connect to API
DEBUG -- 2022-04-23 21:14:16,306: Attempting to connect to API
DEBUG -- 2022-04-23 21:14:16,321: Attempting to connect to API
DEBUG -- 2022-04-23 21:14:16,322: Attempting to connect to API
DEBUG -- 2022-04-23 21:16:26,952: Attempting to connect to API
DEBUG -- 2022-04-23 21:16:26,988: Attempting to connect to API
DEBUG -- 2022-04-23 21:16:27,003: Attempting to connect to API
DEBUG -- 2022-04-23 21:16:41,883: Attempting to connect to API
DEBUG -- 2022-04-23 21:16:41,899: Attempting to connect to API
DEBUG -- 2022-04-23 21:16:41,901: Attempting to connect to API
DEBUG -- 2022-04-23 21:16:55,758: Attempting to connect to API
DEBUG -- 2022-04-23 21:16:55,771: Attempting to connect to API
DEBUG -- 2022-04-23 21:16:55,772: Attempting to connect to API
DEBUG -- 2022-05-02 17:16:59,683: Attempting to connect to API
DEBUG -- 2022-05-02 17:16:59,686: Attempting to connect to API
DEBUG -- 2022-05-02 17:16:59,688: Attempting to connect to API
DEBUG -- 2022-05-02 17:20:45,072: Searching for Men products
INFO -- 2022-05-02 17:20:45,097: Found products for Men
DEBUG -- 2022-05-02 17:32:56,309: Searching for Men products
INFO -- 2022-05-02 17:32:56,363: Found products for Men
DEBUG -- 2022-05-02 17:38:23,699: Attempting to connect to API
DEBUG -- 2022-05-02 17:38:23,701: Attempting to connect to API
DEBUG -- 2022-05-02 17:38:23,703: Attempting to connect to API
DEBUG -- 2022-05-02 17:38:53,804: Attempting to connect to API
DEBUG -- 2022-05-02 17:38:53,842: Attempting to connect to API
DEBUG -- 2022-05-02 17:38:53,849: Attempting to connect to API
DEBUG -- 2022-05-02 17:39:56,716: Searching for Men products
INFO -- 2022-05-02 17:39:56,757: Found products for Men
DEBUG -- 2022-05-02 17:45:43,917: Attempting to connect to API
DEBUG -- 2022-05-02 17:45:43,963: Attempting to connect to API
DEBUG -- 2022-05-02 17:45:44,071: Attempting to connect to API
DEBUG -- 2022-05-02 17:53:04,209: Attempting to connect to API
DEBUG -- 2022-05-02 17:53:04,222: Attempting to connect to API
DEBUG -- 2022-05-02 17:53:04,231: Attempting to connect to API
DEBUG -- 2022-05-02 17:53:21,938: Attempting to connect to API
DEBUG -- 2022-05-02 17:53:21,943: Attempting to connect to API
DEBUG -- 2022-05-02 17:53:21,945: Attempting to connect to API
DEBUG -- 2022-05-02 17:53:41,977: Attempting to connect to API
DEBUG -- 2022-05-02 17:53:41,981: Attempting to connect to API
DEBUG -- 2022-05-02 17:53:41,985: Attempting to connect to API
DEBUG -- 2022-05-02 17:53:54,622: Attempting to connect to API
DEBUG -- 2022-05-02 17:53:54,627: Attempting to connect to API
DEBUG -- 2022-05-02 17:53:54,630: Attempting to connect to API
DEBUG -- 2022-05-02 17:54:12,867: Attempting to connect to API
DEBUG -- 2022-05-02 17:54:12,892: Attempting to connect to API
DEBUG -- 2022-05-02 17:54:12,905: Attempting to connect to API
DEBUG -- 2022-05-02 17:54:34,432: Attempting to connect to API
DEBUG -- 2022-05-02 17:54:34,534: Attempting to connect to API
DEBUG -- 2022-05-02 17:54:34,558: Attempting to connect to API
DEBUG -- 2022-05-02 17:57:14,906: Attempting to connect to API
DEBUG -- 2022-05-02 17:57:14,965: Attempting to connect to API
DEBUG -- 2022-05-02 17:57:15,004: Attempting to connect to API
DEBUG -- 2022-05-02 17:58:20,818: Attempting to connect to API
DEBUG -- 2022-05-02 17:58:20,854: Attempting to connect to API
DEBUG -- 2022-05-02 17:58:20,967: Attempting to connect to API
DEBUG -- 2022-05-02 18:00:46,134: Attempting to connect to API
DEBUG -- 2022-05-02 18:00:46,139: Attempting to connect to API
DEBUG -- 2022-05-02 18:00:46,171: Attempting to connect to API
DEBUG -- 2022-05-02 18:26:21,134: Attempting to connect to API
DEBUG -- 2022-05-02 18:26:21,140: Attempting to connect to API
DEBUG -- 2022-05-02 18:26:21,144: Attempting to connect to API
DEBUG -- 2022-05-02 18:26:42,625: Attempting to connect to API
DEBUG -- 2022-05-02 18:26:42,631: Attempting to connect to API
DEBUG -- 2022-05-02 18:26:42,645: Attempting to connect to API
DEBUG -- 2022-05-02 18:27:29,721: Attempting to connect to API
DEBUG -- 2022-05-02 18:27:29,726: Attempting to connect to API
DEBUG -- 2022-05-02 18:27:29,731: Attempting to connect to API
DEBUG -- 2022-05-02 18:27:55,682: Attempting to connect to API
DEBUG -- 2022-05-02 18:27:55,694: Attempting to connect to API
DEBUG -- 2022-05-02 18:27:55,796: Attempting to connect to API
DEBUG -- 2022-05-02 18:28:28,277: Attempting to connect to API
DEBUG -- 2022-05-02 18:28:28,280: Attempting to connect to API
DEBUG -- 2022-05-02 18:28:28,307: Attempting to connect to API
DEBUG -- 2022-05-02 18:31:10,621: Attempting to connect to API
DEBUG -- 2022-05-02 18:31:10,628: Attempting to connect to API
DEBUG -- 2022-05-02 18:31:10,631: Attempting to connect to API
DEBUG -- 2022-05-02 18:32:17,096: Attempting to connect to API
DEBUG -- 2022-05-02 18:32:17,104: Attempting to connect to API
DEBUG -- 2022-05-02 18:32:17,111: Attempting to connect to API
DEBUG -- 2022-05-02 18:32:40,046: Attempting to connect to API
DEBUG -- 2022-05-02 18:32:40,051: Attempting to connect to API
DEBUG -- 2022-05-02 18:32:40,096: Attempting to connect to API
DEBUG -- 2022-05-02 18:33:03,325: Attempting to connect to API
DEBUG -- 2022-05-02 18:33:03,418: Attempting to connect to API
DEBUG -- 2022-05-02 18:33:03,546: Attempting to connect to API
DEBUG -- 2022-05-02 18:33:35,177: Attempting to connect to API
DEBUG -- 2022-05-02 18:33:35,181: Attempting to connect to API
DEBUG -- 2022-05-02 18:33:35,185: Attempting to connect to API
DEBUG -- 2022-05-02 18:34:06,404: Attempting to connect to API
DEBUG -- 2022-05-02 18:34:06,407: Attempting to connect to API
DEBUG -- 2022-05-02 18:34:06,410: Attempting to connect to API
DEBUG -- 2022-05-02 18:34:55,429: Attempting to connect to API
DEBUG -- 2022-05-02 18:34:55,433: Attempting to connect to API
DEBUG -- 2022-05-02 18:34:55,446: Attempting to connect to API
DEBUG -- 2022-05-02 18:39:32,540: Searching for Men products
INFO -- 2022-05-02 18:39:32,624: Found products for Men
DEBUG -- 2022-05-02 18:40:04,318: Searching for onSale products
DEBUG -- 2022-05-02 18:40:50,230: Searching for cheap products
DEBUG -- 2022-05-02 18:46:29,102: Attempting to connect to API
DEBUG -- 2022-05-02 18:46:29,104: Attempting to connect to API
DEBUG -- 2022-05-02 18:46:29,105: Attempting to connect to API
DEBUG -- 2022-05-02 18:46:45,380: Attempting to connect to API
DEBUG -- 2022-05-02 18:46:45,385: Attempting to connect to API
DEBUG -- 2022-05-02 18:46:45,388: Attempting to connect to API
DEBUG -- 2022-05-02 18:47:02,066: Attempting to connect to API
DEBUG -- 2022-05-02 18:47:02,070: Attempting to connect to API
DEBUG -- 2022-05-02 18:47:02,073: Attempting to connect to API
DEBUG -- 2022-05-02 18:47:16,642: Attempting to connect to API
DEBUG -- 2022-05-02 18:47:16,723: Attempting to connect to API
DEBUG -- 2022-05-02 18:47:16,759: Attempting to connect to API
DEBUG -- 2022-05-02 18:47:30,074: Attempting to connect to API
DEBUG -- 2022-05-02 18:47:30,077: Attempting to connect to API
DEBUG -- 2022-05-02 18:47:30,080: Attempting to connect to API
DEBUG -- 2022-05-02 18:47:43,990: Attempting to connect to API
DEBUG -- 2022-05-02 18:47:43,994: Attempting to connect to API
DEBUG -- 2022-05-02 18:47:44,014: Attempting to connect to API
DEBUG -- 2022-05-02 18:47:58,425: Attempting to connect to API
DEBUG -- 2022-05-02 18:47:58,458: Attempting to connect to API
DEBUG -- 2022-05-02 18:47:58,465: Attempting to connect to API
DEBUG -- 2022-05-02 18:48:13,900: Attempting to connect to API
DEBUG -- 2022-05-02 18:48:13,904: Attempting to connect to API
DEBUG -- 2022-05-02 18:48:13,905: Attempting to connect to API
DEBUG -- 2022-05-02 22:14:11,458: Attempting to connect to API
DEBUG -- 2022-05-02 22:14:11,474: Attempting to connect to API
DEBUG -- 2022-05-02 22:14:11,474: Attempting to connect to API
DEBUG -- 2022-05-02 22:16:45,841: Attempting to connect to API
DEBUG -- 2022-05-02 22:16:45,850: Attempting to connect to API
DEBUG -- 2022-05-02 22:16:45,853: Attempting to connect to API
DEBUG -- 2022-05-02 23:04:22,574: Attempting to connect to API
DEBUG -- 2022-05-02 23:04:22,577: Attempting to connect to API
DEBUG -- 2022-05-02 23:04:22,579: Attempting to connect to API
DEBUG -- 2022-05-02 23:06:01,643: Attempting to connect to API
DEBUG -- 2022-05-02 23:06:01,647: Attempting to connect to API
DEBUG -- 2022-05-02 23:06:01,648: Attempting to connect to API
DEBUG -- 2022-05-02 23:06:48,039: Attempting to connect to API
DEBUG -- 2022-05-02 23:06:48,143: Attempting to connect to API
DEBUG -- 2022-05-02 23:06:48,229: Attempting to connect to API
DEBUG -- 2022-05-02 23:10:39,007: Attempting to connect to API
DEBUG -- 2022-05-02 23:10:39,093: Attempting to connect to API
DEBUG -- 2022-05-02 23:10:39,223: Attempting to connect to API
DEBUG -- 2022-05-02 23:12:45,370: Attempting to connect to API
DEBUG -- 2022-05-02 23:12:45,423: Attempting to connect to API
DEBUG -- 2022-05-02 23:12:45,502: Attempting to connect to API
DEBUG -- 2022-05-02 23:13:56,226: Attempting to connect to API
DEBUG -- 2022-05-02 23:13:56,252: Attempting to connect to API
DEBUG -- 2022-05-02 23:13:56,280: Attempting to connect to API
DEBUG -- 2022-05-02 23:14:37,838: Attempting to connect to API
DEBUG -- 2022-05-02 23:14:37,854: Attempting to connect to API
DEBUG -- 2022-05-02 23:14:37,891: Attempting to connect to API
DEBUG -- 2022-05-02 23:18:04,409: Attempting to connect to API
DEBUG -- 2022-05-02 23:18:04,411: Attempting to connect to API
DEBUG -- 2022-05-02 23:18:04,413: Attempting to connect to API
DEBUG -- 2022-05-02 23:18:22,619: Attempting to connect to API
DEBUG -- 2022-05-02 23:18:22,623: Attempting to connect to API
DEBUG -- 2022-05-02 23:18:22,626: Attempting to connect to API
DEBUG -- 2022-05-02 23:18:38,400: Attempting to connect to API
DEBUG -- 2022-05-02 23:18:38,461: Attempting to connect to API
DEBUG -- 2022-05-02 23:18:38,523: Attempting to connect to API
DEBUG -- 2022-05-02 23:18:59,946: Attempting to connect to API
DEBUG -- 2022-05-02 23:19:00,002: Attempting to connect to API
DEBUG -- 2022-05-02 23:19:00,038: Attempting to connect to API
DEBUG -- 2022-05-02 23:19:33,359: Attempting to connect to API
DEBUG -- 2022-05-02 23:19:33,507: Attempting to connect to API
DEBUG -- 2022-05-02 23:19:33,662: Attempting to connect to API
DEBUG -- 2022-05-02 23:19:50,741: Attempting to connect to API
DEBUG -- 2022-05-02 23:19:50,747: Attempting to connect to API
DEBUG -- 2022-05-02 23:19:50,748: Attempting to connect to API
DEBUG -- 2022-05-02 23:22:07,098: Attempting to connect to API
DEBUG -- 2022-05-02 23:22:07,139: Attempting to connect to API
DEBUG -- 2022-05-02 23:22:07,183: Attempting to connect to API
DEBUG -- 2022-05-02 23:23:27,552: Attempting to connect to API
DEBUG -- 2022-05-02 23:23:27,569: Attempting to connect to API
DEBUG -- 2022-05-02 23:23:27,603: Attempting to connect to API
DEBUG -- 2022-05-02 23:23:49,272: Attempting to connect to API
DEBUG -- 2022-05-02 23:23:49,359: Attempting to connect to API
DEBUG -- 2022-05-02 23:23:49,402: Attempting to connect to API
DEBUG -- 2022-05-02 23:25:27,860: Attempting to connect to API
DEBUG -- 2022-05-02 23:25:27,866: Attempting to connect to API
DEBUG -- 2022-05-02 23:25:27,930: Attempting to connect to API
DEBUG -- 2022-05-02 23:29:37,253: Attempting to connect to API
DEBUG -- 2022-05-02 23:29:37,439: Attempting to connect to API
DEBUG -- 2022-05-02 23:29:37,566: Attempting to connect to API
DEBUG -- 2022-05-02 23:30:52,251: Attempting to connect to API
DEBUG -- 2022-05-02 23:30:52,293: Attempting to connect to API
DEBUG -- 2022-05-02 23:30:52,363: Attempting to connect to API
DEBUG -- 2022-05-02 23:34:45,673: Attempting to connect to API
DEBUG -- 2022-05-02 23:34:45,686: Attempting to connect to API
DEBUG -- 2022-05-02 23:34:45,740: Attempting to connect to API
DEBUG -- 2022-05-03 11:07:55,696: Attempting to connect to API
DEBUG -- 2022-05-03 11:12:36,778: Attempting to connect to API
DEBUG -- 2022-05-03 11:12:36,782: Attempting to connect to API
DEBUG -- 2022-05-03 11:12:36,785: Attempting to connect to API
DEBUG -- 2022-05-03 11:16:44,412: Attempting to connect to API
DEBUG -- 2022-05-03 11:16:44,416: Attempting to connect to API
DEBUG -- 2022-05-03 11:16:44,417: Attempting to connect to API
DEBUG -- 2022-05-03 11:17:27,829: Attempting to connect to API
DEBUG -- 2022-05-03 11:17:27,846: Attempting to connect to API
DEBUG -- 2022-05-03 11:17:27,847: Attempting to connect to API
DEBUG -- 2022-05-03 11:18:40,330: Attempting to connect to API
DEBUG -- 2022-05-03 11:18:40,333: Attempting to connect to API
DEBUG -- 2022-05-03 11:18:40,334: Attempting to connect to API
DEBUG -- 2022-05-03 11:18:53,511: Attempting to connect to API
DEBUG -- 2022-05-03 11:18:53,523: Attempting to connect to API
DEBUG -- 2022-05-03 11:18:53,524: Attempting to connect to API
DEBUG -- 2022-05-03 11:19:02,925: Attempting to connect to API
DEBUG -- 2022-05-03 11:19:02,941: Attempting to connect to API
DEBUG -- 2022-05-03 11:19:02,944: Attempting to connect to API
DEBUG -- 2022-05-03 11:19:55,883: Attempting to connect to API
DEBUG -- 2022-05-03 11:19:55,910: Attempting to connect to API
DEBUG -- 2022-05-03 11:19:55,913: Attempting to connect to API
DEBUG -- 2022-05-03 11:20:17,631: Attempting to connect to API
DEBUG -- 2022-05-03 11:20:17,636: Attempting to connect to API
DEBUG -- 2022-05-03 11:20:17,639: Attempting to connect to API
DEBUG -- 2022-05-03 11:20:25,427: Attempting to connect to API
DEBUG -- 2022-05-03 11:20:25,437: Attempting to connect to API
DEBUG -- 2022-05-03 11:20:25,440: Attempting to connect to API
DEBUG -- 2022-05-03 11:31:10,644: Attempting to connect to API
DEBUG -- 2022-05-03 11:31:10,654: Attempting to connect to API
DEBUG -- 2022-05-03 11:31:10,658: Attempting to connect to API
DEBUG -- 2022-05-03 11:31:30,054: Attempting to connect to API
DEBUG -- 2022-05-03 11:31:30,118: Attempting to connect to API
DEBUG -- 2022-05-03 11:31:30,130: Attempting to connect to API
DEBUG -- 2022-05-03 11:39:48,401: Attempting to connect to API
DEBUG -- 2022-05-03 11:39:48,404: Attempting to connect to API
DEBUG -- 2022-05-03 11:39:48,405: Attempting to connect to API
DEBUG -- 2022-05-03 11:40:05,237: Attempting to connect to API
DEBUG -- 2022-05-03 11:40:05,366: Attempting to connect to API
DEBUG -- 2022-05-03 11:40:05,577: Attempting to connect to API
DEBUG -- 2022-05-03 11:41:07,868: Attempting to connect to API
DEBUG -- 2022-05-03 11:41:07,883: Attempting to connect to API
DEBUG -- 2022-05-03 11:41:07,920: Attempting to connect to API
DEBUG -- 2022-05-03 11:42:12,831: Attempting to connect to API
DEBUG -- 2022-05-03 11:42:12,845: Attempting to connect to API
DEBUG -- 2022-05-03 11:42:12,847: Attempting to connect to API
DEBUG -- 2022-05-03 11:46:00,220: Attempting to connect to API
DEBUG -- 2022-05-03 11:46:00,258: Attempting to connect to API
DEBUG -- 2022-05-03 11:46:00,317: Attempting to connect to API
DEBUG -- 2022-05-03 11:46:19,856: Attempting to connect to API
DEBUG -- 2022-05-03 11:46:19,888: Attempting to connect to API
DEBUG -- 2022-05-03 11:46:19,932: Attempting to connect to API
DEBUG -- 2022-05-03 11:46:36,271: Attempting to connect to API
DEBUG -- 2022-05-03 11:46:36,295: Attempting to connect to API
DEBUG -- 2022-05-03 11:46:36,352: Attempting to connect to API
DEBUG -- 2022-05-03 11:46:46,656: Attempting to connect to API
DEBUG -- 2022-05-03 11:46:46,659: Attempting to connect to API
DEBUG -- 2022-05-03 11:46:46,662: Attempting to connect to API
DEBUG -- 2022-05-03 11:52:14,503: Attempting to connect to API
DEBUG -- 2022-05-03 11:52:14,506: Attempting to connect to API
DEBUG -- 2022-05-03 11:52:14,508: Attempting to connect to API
DEBUG -- 2022-05-03 11:53:00,700: Attempting to connect to API
DEBUG -- 2022-05-03 11:53:00,704: Attempting to connect to API
DEBUG -- 2022-05-03 11:53:00,712: Attempting to connect to API
DEBUG -- 2022-05-03 11:59:18,596: Searching for Men products
INFO -- 2022-05-03 11:59:19,581: Found products for Men
DEBUG -- 2022-05-03 12:01:59,088: Attempting to connect to API
DEBUG -- 2022-05-03 12:01:59,096: Attempting to connect to API
DEBUG -- 2022-05-03 12:01:59,098: Attempting to connect to API
DEBUG -- 2022-05-03 12:03:18,457: Attempting to connect to API
DEBUG -- 2022-05-03 12:03:18,573: Attempting to connect to API
DEBUG -- 2022-05-03 12:03:18,629: Attempting to connect to API
DEBUG -- 2022-05-03 12:03:49,651: Attempting to connect to API
DEBUG -- 2022-05-03 12:03:49,697: Attempting to connect to API
DEBUG -- 2022-05-03 12:03:49,719: Attempting to connect to API
DEBUG -- 2022-05-03 12:10:13,795: Attempting to connect to API
DEBUG -- 2022-05-03 12:10:13,800: Attempting to connect to API
DEBUG -- 2022-05-03 12:10:13,804: Attempting to connect to API
DEBUG -- 2022-05-03 12:10:50,573: Attempting to connect to API
DEBUG -- 2022-05-03 12:10:50,647: Attempting to connect to API
DEBUG -- 2022-05-03 12:10:50,699: Attempting to connect to API
DEBUG -- 2022-05-03 12:11:06,862: Attempting to connect to API
DEBUG -- 2022-05-03 12:11:06,870: Attempting to connect to API
DEBUG -- 2022-05-03 12:11:06,901: Attempting to connect to API
DEBUG -- 2022-05-03 12:24:38,040: Attempting to connect to API
DEBUG -- 2022-05-03 12:24:38,042: Attempting to connect to API
DEBUG -- 2022-05-03 12:24:38,062: Attempting to connect to API
DEBUG -- 2022-05-03 12:25:32,891: Attempting to connect to API
DEBUG -- 2022-05-03 12:25:32,934: Attempting to connect to API
DEBUG -- 2022-05-03 12:25:32,970: Attempting to connect to API
DEBUG -- 2022-05-03 12:26:24,383: Attempting to connect to API
DEBUG -- 2022-05-03 12:26:24,417: Attempting to connect to API
DEBUG -- 2022-05-03 12:26:24,420: Attempting to connect to API
DEBUG -- 2022-05-03 12:27:20,425: Attempting to connect to API
DEBUG -- 2022-05-03 12:27:20,429: Attempting to connect to API
DEBUG -- 2022-05-03 12:27:20,432: Attempting to connect to API
DEBUG -- 2022-05-03 12:27:30,007: Attempting to connect to API
DEBUG -- 2022-05-03 12:27:30,051: Attempting to connect to API
DEBUG -- 2022-05-03 12:27:30,083: Attempting to connect to API
DEBUG -- 2022-05-03 12:27:50,928: Attempting to connect to API
DEBUG -- 2022-05-03 12:27:50,935: Attempting to connect to API
DEBUG -- 2022-05-03 12:27:50,980: Attempting to connect to API
DEBUG -- 2022-05-03 12:43:15,049: Attempting to connect to API
DEBUG -- 2022-05-03 12:43:15,065: Attempting to connect to API
DEBUG -- 2022-05-03 12:43:15,065: Attempting to connect to API
DEBUG -- 2022-05-03 12:43:28,190: Attempting to connect to API
DEBUG -- 2022-05-03 12:43:28,233: Attempting to connect to API
DEBUG -- 2022-05-03 12:43:28,240: Attempting to connect to API
DEBUG -- 2022-05-03 12:44:32,137: Searching for expensive products
INFO -- 2022-05-03 12:44:33,116: Oops not found expensive products
DEBUG -- 2022-05-03 16:30:20,539: Searching for cheap products
INFO -- 2022-05-03 16:30:20,985: Found cheap products
DEBUG -- 2022-05-03 16:53:05,715: Attempting to connect to API
DEBUG -- 2022-05-03 16:53:05,731: Attempting to connect to API
DEBUG -- 2022-05-03 16:53:05,733: Attempting to connect to API
DEBUG -- 2022-05-03 16:53:22,953: Attempting to connect to API
DEBUG -- 2022-05-03 16:53:22,957: Attempting to connect to API
DEBUG -- 2022-05-03 16:53:22,959: Attempting to connect to API
DEBUG -- 2022-05-03 16:55:09,915: Attempting to connect to API
DEBUG -- 2022-05-03 16:55:09,925: Attempting to connect to API
DEBUG -- 2022-05-03 16:55:09,928: Attempting to connect to API
DEBUG -- 2022-05-03 16:55:31,307: Attempting to connect to API
DEBUG -- 2022-05-03 16:55:31,311: Attempting to connect to API
DEBUG -- 2022-05-03 16:55:31,312: Attempting to connect to API
DEBUG -- 2022-05-03 16:55:52,400: Attempting to connect to API
DEBUG -- 2022-05-03 16:55:52,404: Attempting to connect to API
DEBUG -- 2022-05-03 16:55:52,406: Attempting to connect to API
DEBUG -- 2022-05-03 16:56:48,510: Attempting to connect to API
DEBUG -- 2022-05-03 16:56:48,513: Attempting to connect to API
DEBUG -- 2022-05-03 16:56:48,514: Attempting to connect to API
DEBUG -- 2022-05-03 16:57:37,528: Attempting to connect to API
DEBUG -- 2022-05-03 16:57:37,553: Attempting to connect to API
DEBUG -- 2022-05-03 16:57:37,566: Attempting to connect to API
DEBUG -- 2022-05-03 16:57:53,876: Attempting to connect to API
DEBUG -- 2022-05-03 16:57:53,879: Attempting to connect to API
DEBUG -- 2022-05-03 16:57:53,880: Attempting to connect to API
DEBUG -- 2022-05-03 16:58:13,200: Attempting to connect to API
DEBUG -- 2022-05-03 16:58:13,204: Attempting to connect to API
DEBUG -- 2022-05-03 16:58:13,206: Attempting to connect to API
DEBUG -- 2022-05-03 16:58:26,939: Attempting to connect to API
DEBUG -- 2022-05-03 16:58:26,944: Attempting to connect to API
DEBUG -- 2022-05-03 16:58:26,946: Attempting to connect to API
DEBUG -- 2022-05-03 16:58:39,045: Attempting to connect to API
DEBUG -- 2022-05-03 16:58:39,049: Attempting to connect to API
DEBUG -- 2022-05-03 16:58:39,055: Attempting to connect to API
DEBUG -- 2022-05-03 16:59:07,261: Attempting to connect to API
DEBUG -- 2022-05-03 16:59:07,281: Attempting to connect to API
DEBUG -- 2022-05-03 16:59:07,303: Attempting to connect to API
DEBUG -- 2022-05-03 16:59:44,889: Attempting to connect to API
DEBUG -- 2022-05-03 16:59:44,892: Attempting to connect to API
DEBUG -- 2022-05-03 16:59:44,894: Attempting to connect to API
DEBUG -- 2022-05-03 17:00:11,343: Attempting to connect to API
DEBUG -- 2022-05-03 17:00:11,353: Attempting to connect to API
DEBUG -- 2022-05-03 17:00:11,354: Attempting to connect to API
DEBUG -- 2022-05-03 18:09:33,669: Attempting to connect to API
DEBUG -- 2022-05-03 18:09:33,672: Attempting to connect to API
DEBUG -- 2022-05-03 18:09:33,677: Attempting to connect to API
DEBUG -- 2022-05-03 18:10:22,613: Attempting to connect to API
DEBUG -- 2022-05-03 18:10:22,625: Attempting to connect to API
DEBUG -- 2022-05-03 18:10:22,632: Attempting to connect to API
DEBUG -- 2022-05-03 18:10:38,308: Attempting to connect to API
DEBUG -- 2022-05-03 18:10:38,311: Attempting to connect to API
DEBUG -- 2022-05-03 18:10:38,312: Attempting to connect to API
DEBUG -- 2022-05-03 18:11:26,299: Attempting to connect to API
DEBUG -- 2022-05-03 18:11:26,302: Attempting to connect to API
DEBUG -- 2022-05-03 18:11:26,305: Attempting to connect to API
DEBUG -- 2022-05-03 18:14:08,486: Attempting to connect to API
DEBUG -- 2022-05-03 18:14:08,489: Attempting to connect to API
DEBUG -- 2022-05-03 18:14:08,490: Attempting to connect to API
DEBUG -- 2022-05-03 18:14:29,572: Attempting to connect to API
DEBUG -- 2022-05-03 18:14:29,576: Attempting to connect to API
DEBUG -- 2022-05-03 18:14:29,577: Attempting to connect to API
DEBUG -- 2022-05-03 18:15:01,374: Attempting to connect to API
DEBUG -- 2022-05-03 18:15:01,423: Attempting to connect to API
DEBUG -- 2022-05-03 18:15:01,436: Attempting to connect to API
DEBUG -- 2022-05-03 18:15:29,869: Attempting to connect to API
DEBUG -- 2022-05-03 18:15:29,872: Attempting to connect to API
DEBUG -- 2022-05-03 18:15:29,875: Attempting to connect to API
DEBUG -- 2022-05-03 18:15:44,847: Attempting to connect to API
DEBUG -- 2022-05-03 18:15:44,851: Attempting to connect to API
DEBUG -- 2022-05-03 18:15:44,852: Attempting to connect to API
DEBUG -- 2022-05-03 18:16:00,662: Attempting to connect to API
DEBUG -- 2022-05-03 18:16:00,671: Attempting to connect to API
DEBUG -- 2022-05-03 18:16:00,695: Attempting to connect to API
DEBUG -- 2022-05-03 18:16:50,466: Attempting to connect to API
DEBUG -- 2022-05-03 18:16:50,472: Attempting to connect to API
DEBUG -- 2022-05-03 18:16:50,475: Attempting to connect to API
DEBUG -- 2022-05-03 18:17:06,393: Attempting to connect to API
DEBUG -- 2022-05-03 18:17:06,396: Attempting to connect to API
DEBUG -- 2022-05-03 18:17:06,397: Attempting to connect to API
DEBUG -- 2022-05-03 18:17:20,432: Attempting to connect to API
DEBUG -- 2022-05-03 18:17:20,435: Attempting to connect to API
DEBUG -- 2022-05-03 18:17:20,436: Attempting to connect to API
DEBUG -- 2022-05-03 18:22:17,165: Attempting to connect to API
DEBUG -- 2022-05-03 18:22:17,168: Attempting to connect to API
DEBUG -- 2022-05-03 18:22:17,171: Attempting to connect to API
DEBUG -- 2022-05-03 18:24:35,609: Attempting to connect to API
DEBUG -- 2022-05-03 18:24:35,612: Attempting to connect to API
DEBUG -- 2022-05-03 18:24:35,616: Attempting to connect to API
DEBUG -- 2022-05-03 19:31:02,346: Attempting to connect to API
DEBUG -- 2022-05-03 19:31:02,349: Attempting to connect to API
DEBUG -- 2022-05-03 19:31:02,351: Attempting to connect to API
DEBUG -- 2022-05-03 19:31:30,397: Attempting to connect to API
DEBUG -- 2022-05-03 19:31:30,400: Attempting to connect to API
DEBUG -- 2022-05-03 19:31:30,402: Attempting to connect to API
DEBUG -- 2022-05-03 19:33:22,036: Attempting to connect to API
DEBUG -- 2022-05-03 19:33:22,040: Attempting to connect to API
DEBUG -- 2022-05-03 19:33:22,053: Attempting to connect to API
DEBUG -- 2022-05-03 19:33:36,083: Attempting to connect to API
DEBUG -- 2022-05-03 19:33:36,086: Attempting to connect to API
DEBUG -- 2022-05-03 19:33:36,089: Attempting to connect to API
DEBUG -- 2022-05-03 19:33:58,780: Attempting to connect to API
DEBUG -- 2022-05-03 19:33:58,783: Attempting to connect to API
DEBUG -- 2022-05-03 19:33:58,784: Attempting to connect to API
DEBUG -- 2022-05-03 19:34:14,787: Attempting to connect to API
DEBUG -- 2022-05-03 19:34:14,790: Attempting to connect to API
DEBUG -- 2022-05-03 19:34:14,791: Attempting to connect to API
DEBUG -- 2022-05-03 19:43:28,927: Attempting to connect to API
DEBUG -- 2022-05-03 19:43:28,929: Attempting to connect to API
DEBUG -- 2022-05-03 19:43:28,934: Attempting to connect to API
DEBUG -- 2022-05-03 19:43:40,350: Attempting to connect to API
DEBUG -- 2022-05-03 19:43:40,353: Attempting to connect to API
DEBUG -- 2022-05-03 19:43:40,354: Attempting to connect to API
DEBUG -- 2022-05-03 19:43:53,373: Attempting to connect to API
DEBUG -- 2022-05-03 19:43:53,379: Attempting to connect to API
DEBUG -- 2022-05-03 19:43:53,382: Attempting to connect to API
DEBUG -- 2022-05-03 19:44:38,738: Attempting to connect to API
DEBUG -- 2022-05-03 19:44:38,742: Attempting to connect to API
DEBUG -- 2022-05-03 19:44:38,742: Attempting to connect to API
DEBUG -- 2022-05-03 19:45:11,436: Attempting to connect to API
DEBUG -- 2022-05-03 19:45:11,439: Attempting to connect to API
DEBUG -- 2022-05-03 19:48:09,214: Attempting to connect to API
DEBUG -- 2022-05-03 19:53:51,012: Attempting to connect to API
DEBUG -- 2022-05-03 19:54:03,150: Attempting to connect to API
DEBUG -- 2022-05-03 19:54:20,780: Attempting to connect to API
DEBUG -- 2022-05-03 19:54:58,905: Attempting to connect to API
DEBUG -- 2022-05-03 19:55:17,743: Attempting to connect to API
DEBUG -- 2022-05-03 19:55:42,802: Attempting to connect to API
DEBUG -- 2022-05-03 19:55:52,696: Attempting to connect to API
DEBUG -- 2022-05-04 10:50:53,369: Attempting to connect to API
DEBUG -- 2022-05-04 11:01:45,874: Attempting to connect to API
DEBUG -- 2022-05-04 11:02:04,852: Attempting to connect to API
DEBUG -- 2022-05-04 11:08:55,728: Attempting to connect to API
DEBUG -- 2022-05-04 11:12:14,375: Attempting to connect to API
DEBUG -- 2022-05-04 11:12:54,289: Attempting to connect to API
DEBUG -- 2022-05-04 11:14:26,649: Attempting to connect to API
DEBUG -- 2022-05-04 11:14:49,808: Attempting to connect to API
DEBUG -- 2022-05-04 11:15:05,112: Attempting to connect to API
DEBUG -- 2022-05-04 11:15:30,469: Attempting to connect to API
DEBUG -- 2022-05-04 11:15:46,112: Attempting to connect to API
DEBUG -- 2022-05-04 11:17:18,640: Attempting to connect to API
DEBUG -- 2022-05-04 11:18:20,411: Attempting to connect to API
DEBUG -- 2022-05-04 11:19:19,236: Attempting to connect to API
DEBUG -- 2022-05-04 11:19:39,011: Attempting to connect to API
DEBUG -- 2022-05-04 21:37:37,253: Attempting to connect to API
DEBUG -- 2022-05-05 09:41:07,544: Attempting to connect to API
DEBUG -- 2022-05-05 11:48:04,216: Attempting to connect to API
DEBUG -- 2022-05-08 16:42:50,099: Attempting to connect to API
DEBUG -- 2022-05-08 16:57:12,094: Attempting to connect to API
DEBUG -- 2022-05-08 17:02:08,201: Attempting to connect to API
DEBUG -- 2022-05-08 17:03:03,903: Attempting to connect to API
DEBUG -- 2022-05-08 17:09:18,138: Attempting to connect to API
DEBUG -- 2022-05-08 17:10:41,331: Attempting to connect to API
DEBUG -- 2022-05-08 17:13:00,520: Attempting to connect to API
DEBUG -- 2022-05-08 17:13:43,425: Attempting to connect to API
DEBUG -- 2022-05-08 17:22:45,757: Attempting to connect to API
DEBUG -- 2022-05-08 17:48:31,904: Attempting to connect to API
DEBUG -- 2022-05-08 17:54:07,984: Attempting to connect to API
DEBUG -- 2022-05-08 18:02:49,078: Attempting to connect to API
DEBUG -- 2022-05-08 18:05:53,704: Attempting to connect to API
DEBUG -- 2022-05-08 18:26:53,874: Attempting to connect to API
DEBUG -- 2022-05-08 18:31:09,296: Attempting to connect to API
DEBUG -- 2022-05-08 18:31:09,686: Attempting to connect to API
DEBUG -- 2022-05-08 18:31:51,414: Attempting to connect to API
DEBUG -- 2022-05-08 18:31:51,470: Attempting to connect to API
DEBUG -- 2022-05-08 18:32:25,849: Attempting to connect to API
DEBUG -- 2022-05-08 18:32:25,862: Attempting to connect to API
DEBUG -- 2022-05-08 18:32:52,434: Attempting to connect to API
DEBUG -- 2022-05-08 18:32:52,438: Attempting to connect to API
DEBUG -- 2022-05-08 18:34:19,172: Attempting to connect to API
DEBUG -- 2022-05-08 18:34:19,174: Attempting to connect to API
DEBUG -- 2022-05-08 18:35:01,041: Attempting to connect to API
DEBUG -- 2022-05-08 18:35:01,112: Attempting to connect to API
DEBUG -- 2022-05-08 18:35:50,940: Attempting to connect to API
DEBUG -- 2022-05-08 18:35:50,990: Attempting to connect to API
DEBUG -- 2022-05-08 18:36:13,477: Attempting to connect to API
DEBUG -- 2022-05-08 18:36:13,483: Attempting to connect to API
DEBUG -- 2022-05-08 18:36:45,666: Attempting to connect to API
DEBUG -- 2022-05-08 18:36:45,672: Attempting to connect to API
DEBUG -- 2022-05-08 18:37:19,866: Attempting to connect to API
DEBUG -- 2022-05-08 18:37:19,868: Attempting to connect to API
DEBUG -- 2022-05-08 18:37:49,027: Attempting to connect to API
DEBUG -- 2022-05-08 18:37:49,092: Attempting to connect to API
DEBUG -- 2022-05-08 18:38:14,461: Attempting to connect to API
DEBUG -- 2022-05-08 18:38:14,464: Attempting to connect to API
DEBUG -- 2022-05-08 18:38:36,713: Attempting to connect to API
DEBUG -- 2022-05-08 18:38:36,717: Attempting to connect to API
DEBUG -- 2022-05-08 18:38:54,524: Attempting to connect to API
DEBUG -- 2022-05-08 18:38:54,528: Attempting to connect to API
DEBUG -- 2022-05-08 18:39:15,781: Attempting to connect to API
DEBUG -- 2022-05-08 18:39:16,649: Attempting to connect to API
DEBUG -- 2022-05-08 18:44:06,855: Attempting to connect to API
DEBUG -- 2022-05-08 18:44:06,897: Attempting to connect to API
DEBUG -- 2022-05-08 18:45:17,214: Attempting to connect to API
DEBUG -- 2022-05-08 18:45:17,222: Attempting to connect to API
DEBUG -- 2022-05-08 18:46:26,931: Attempting to connect to API
DEBUG -- 2022-05-08 18:46:26,934: Attempting to connect to API
DEBUG -- 2022-05-08 18:48:01,879: Attempting to connect to API
DEBUG -- 2022-05-08 18:48:01,884: Attempting to connect to API
DEBUG -- 2022-05-08 18:51:34,604: Attempting to connect to API
DEBUG -- 2022-05-08 18:51:34,608: Attempting to connect to API
DEBUG -- 2022-05-08 18:53:33,322: Attempting to connect to API
DEBUG -- 2022-05-08 18:53:33,370: Attempting to connect to API
DEBUG -- 2022-05-08 18:55:06,104: Attempting to connect to API
DEBUG -- 2022-05-08 18:55:06,106: Attempting to connect to API
DEBUG -- 2022-05-08 19:31:35,404: Attempting to connect to API
DEBUG -- 2022-05-08 19:31:35,408: Attempting to connect to API
DEBUG -- 2022-05-08 19:32:01,093: Attempting to connect to API
DEBUG -- 2022-05-08 19:32:01,176: Attempting to connect to API
DEBUG -- 2022-05-08 19:33:23,284: Attempting to connect to API
DEBUG -- 2022-05-08 19:33:23,310: Attempting to connect to API
DEBUG -- 2022-05-08 19:34:28,629: Attempting to connect to API
DEBUG -- 2022-05-08 19:34:28,716: Attempting to connect to API
DEBUG -- 2022-05-08 19:35:57,491: Attempting to connect to API
DEBUG -- 2022-05-08 19:35:57,510: Attempting to connect to API
DEBUG -- 2022-05-09 11:58:07,440: Attempting to connect to API
DEBUG -- 2022-05-09 11:58:07,442: Attempting to connect to API
